2012-05-30 13:38:20 [INFO] Starting minecraft server version 1.2.5
2012-05-30 13:38:21 [WARNING] **** NOT ENOUGH RAM!
2012-05-30 13:38:21 [WARNING] To start the server with more ram, launch it as "java -Xmx1024M -Xms1024M -jar minecraft_server.jar"
2012-05-30 13:38:21 [INFO] Loading properties
2012-05-30 13:38:21 [WARNING] server.properties does not exist
2012-05-30 13:38:21 [INFO] Generating new properties file
2012-05-30 13:38:21 [INFO] Starting Minecraft server on *:25565
2012-05-30 13:38:21 [INFO] This server is running CraftBukkit version git-Bukkit-1.2.5-R3.0-b2203jnks (MC: 1.2.5) (Implementing API version 1.2.5-R3.0)
2012-05-30 13:38:22 [WARNING] Failed to load ban list: java.io.FileNotFoundException: banned-players.txt (No such file or directory)
2012-05-30 13:38:22 [WARNING] Failed to load ip ban list: java.io.FileNotFoundException: banned-ips.txt (No such file or directory)
2012-05-30 13:38:22 [WARNING] Failed to load operators list: java.io.FileNotFoundException: ops.txt (No such file or directory)
2012-05-30 13:38:22 [WARNING] Failed to load white-list: java.io.FileNotFoundException: white-list.txt (No such file or directory)
2012-05-30 13:38:22 [INFO] Preparing level "world"
2012-05-30 13:38:22 [INFO] Default game type: 0
2012-05-30 13:38:23 [INFO] Preparing start region for level 0 (Seed: -4800961269840535597)
2012-05-30 13:38:24 [INFO] Preparing spawn area: 0%
2012-05-30 13:38:25 [INFO] Preparing spawn area: 4%
2012-05-30 13:38:26 [INFO] Preparing spawn area: 8%
2012-05-30 13:38:27 [INFO] Preparing spawn area: 8%
2012-05-30 13:38:28 [INFO] Preparing spawn area: 12%
2012-05-30 13:38:29 [INFO] Preparing spawn area: 16%
2012-05-30 13:38:30 [INFO] Preparing spawn area: 20%
2012-05-30 13:38:31 [INFO] Preparing spawn area: 28%
2012-05-30 13:38:32 [INFO] Preparing spawn area: 28%
2012-05-30 13:38:33 [INFO] Preparing spawn area: 32%
2012-05-30 13:38:34 [INFO] Preparing spawn area: 36%
2012-05-30 13:38:35 [INFO] Preparing spawn area: 40%
2012-05-30 13:38:36 [INFO] Preparing spawn area: 44%
2012-05-30 13:38:37 [INFO] Preparing spawn area: 48%
2012-05-30 13:38:38 [INFO] Preparing spawn area: 53%
2012-05-30 13:38:39 [INFO] Preparing spawn area: 57%
2012-05-30 13:38:40 [INFO] Preparing spawn area: 61%
2012-05-30 13:38:42 [INFO] Preparing spawn area: 65%
2012-05-30 13:38:43 [INFO] Preparing spawn area: 69%
2012-05-30 13:38:44 [INFO] Preparing spawn area: 73%
2012-05-30 13:38:45 [INFO] Preparing spawn area: 77%
2012-05-30 13:38:46 [INFO] Preparing spawn area: 81%
2012-05-30 13:38:47 [INFO] Preparing spawn area: 85%
2012-05-30 13:38:48 [INFO] Preparing spawn area: 89%
2012-05-30 13:38:49 [INFO] Preparing spawn area: 93%
2012-05-30 13:38:50 [INFO] Preparing spawn area: 97%
2012-05-30 13:38:50 [INFO] Preparing start region for level 1 (Seed: -4800961269840535597)
2012-05-30 13:38:51 [INFO] Preparing spawn area: 0%
2012-05-30 13:38:52 [INFO] Preparing spawn area: 8%
2012-05-30 13:38:53 [INFO] Preparing spawn area: 12%
2012-05-30 13:38:54 [INFO] Preparing spawn area: 16%
2012-05-30 13:38:56 [INFO] Preparing spawn area: 20%
2012-05-30 13:38:58 [INFO] Preparing spawn area: 24%
2012-05-30 13:38:59 [INFO] Preparing spawn area: 28%
2012-05-30 13:39:00 [INFO] Preparing spawn area: 32%
2012-05-30 13:39:01 [INFO] Preparing spawn area: 40%
2012-05-30 13:39:02 [INFO] Preparing spawn area: 44%
2012-05-30 13:39:04 [INFO] Preparing spawn area: 48%
2012-05-30 13:39:05 [INFO] Preparing spawn area: 52%
2012-05-30 13:39:06 [INFO] Preparing spawn area: 53%
2012-05-30 13:39:07 [INFO] Preparing spawn area: 56%
2012-05-30 13:39:08 [INFO] Preparing spawn area: 61%
2012-05-30 13:39:09 [INFO] Preparing spawn area: 65%
2012-05-30 13:39:10 [INFO] Preparing spawn area: 73%
2012-05-30 13:39:11 [INFO] Preparing spawn area: 77%
2012-05-30 13:39:12 [INFO] Preparing spawn area: 85%
2012-05-30 13:39:13 [INFO] Preparing spawn area: 89%
2012-05-30 13:39:14 [INFO] Preparing spawn area: 93%
2012-05-30 13:39:15 [INFO] Preparing spawn area: 97%
2012-05-30 13:39:16 [INFO] Preparing start region for level 2 (Seed: -4800961269840535597)
2012-05-30 13:39:16 [INFO] Preparing spawn area: 4%
2012-05-30 13:39:17 [INFO] Preparing spawn area: 20%
2012-05-30 13:39:18 [INFO] Preparing spawn area: 36%
2012-05-30 13:39:19 [INFO] Preparing spawn area: 48%
2012-05-30 13:39:20 [INFO] Preparing spawn area: 61%
2012-05-30 13:39:22 [INFO] Preparing spawn area: 65%
2012-05-30 13:39:23 [INFO] Preparing spawn area: 77%
2012-05-30 13:39:24 [INFO] Preparing spawn area: 93%
2012-05-30 13:39:24 [INFO] Done (62,515s)! For help, type "help" or "?"
2012-05-30 13:39:27 [WARNING] Can't keep up! Did the system time change, or is the server overloaded?
2012-05-30 13:39:31 [WARNING] Can't keep up! Did the system time change, or is the server overloaded?
2012-05-30 13:39:34 [WARNING] Can't keep up! Did the system time change, or is the server overloaded?
2012-05-30 13:42:09 [INFO] Starting minecraft server version 1.2.5
2012-05-30 13:42:09 [INFO] Loading properties
2012-05-30 13:42:09 [INFO] Starting Minecraft server on *:25565
2012-05-30 13:42:10 [INFO] This server is running CraftBukkit version git-Bukkit-1.2.5-R3.0-b2203jnks (MC: 1.2.5) (Implementing API version 1.2.5-R3.0)
2012-05-30 13:42:10 [INFO] Preparing level "world"
2012-05-30 13:42:10 [INFO] Default game type: 0
2012-05-30 13:42:11 [INFO] Preparing start region for level 0 (Seed: -4800961269840535597)
2012-05-30 13:42:12 [INFO] Preparing spawn area: 12%
2012-05-30 13:42:13 [INFO] Preparing spawn area: 32%
2012-05-30 13:42:14 [INFO] Preparing spawn area: 40%
2012-05-30 13:42:15 [INFO] Preparing spawn area: 69%
2012-05-30 13:42:16 [INFO] Preparing start region for level 1 (Seed: -4800961269840535597)
2012-05-30 13:42:16 [INFO] Preparing spawn area: 8%
2012-05-30 13:42:17 [INFO] Preparing spawn area: 52%
2012-05-30 13:42:18 [INFO] Preparing spawn area: 89%
2012-05-30 13:42:18 [INFO] Preparing start region for level 2 (Seed: -4800961269840535597)
2012-05-30 13:42:19 [INFO] Server permissions file permissions.yml is empty, ignoring it
2012-05-30 13:42:19 [INFO] Done (9,110s)! For help, type "help" or "?"
2012-05-30 13:42:20 [INFO] Unknown command. Type "help" for help.[m
2012-05-30 13:42:26 [INFO] [33;1m--------- [37;1mHelp: Index [33;1m---------------------------[m
2012-05-30 13:42:26 [INFO] [37mUse /help [n] to get page n of help.[m
2012-05-30 13:42:26 [INFO] [33;1mAliases: [37;1mLists command aliases[m
2012-05-30 13:42:26 [INFO] [33;1mBukkit: [37;1mAll commands for Bukkit[m
2012-05-30 13:42:26 [INFO] [33;1m/ban: [37;1mPrevents the specified player from using this server[m
2012-05-30 13:42:26 [INFO] [33;1m/ban-ip: [37;1mPrevents the specified IP address from using this server[m
2012-05-30 13:42:26 [INFO] [33;1m/banlist: [37;1mView all players banned from this server[m
2012-05-30 13:42:26 [INFO] [33;1m/deop: [37;1mTakes the specified player's operator status[m
2012-05-30 13:42:26 [INFO] [33;1m/gamemode: [37;1mChanges the player to a specific game mode[m
2012-05-30 13:42:26 [INFO] [33;1m/give: [37;1mGives the specified player a certain amount of items[m
2012-05-30 13:42:26 [INFO] [33;1m/help: [37;1mShows the help menu[m
2012-05-30 13:42:26 [INFO] [33;1m/kick: [37;1mRemoves the specified player from the server[m
2012-05-30 13:42:26 [INFO] [33;1m/kill: [37;1mCommits suicide, only usable as a player[m
2012-05-30 13:42:26 [INFO] [33;1m/list: [37;1mLists all online players[m
2012-05-30 13:42:26 [INFO] [33;1m/me: [37;1mPerforms the specified action in chat[m
2012-05-30 13:42:26 [INFO] [33;1m/op: [37;1mGives the specified player operator status[m
2012-05-30 13:42:26 [INFO] [33;1m/pardon: [37;1mAllows the specified player to use this server[m
2012-05-30 13:42:26 [INFO] [33;1m/pardon-ip: [37;1mAllows the specified IP address to use this server[m
2012-05-30 13:42:26 [INFO] [33;1m/plugins: [37;1mGets a list of plugins running on the server[m
2012-05-30 13:42:26 [INFO] [33;1m/reload: [37;1mReloads the server configuration and plugins[m
2012-05-30 13:42:26 [INFO] [33;1m/save-all: [37;1mSaves the server to disk[m
2012-05-30 13:42:26 [INFO] [33;1m/save-off: [37;1mDisables server autosaving[m
2012-05-30 13:42:26 [INFO] [33;1m/save-on: [37;1mEnables server autosaving[m
2012-05-30 13:42:26 [INFO] [33;1m/say: [37;1mBroadcasts the given message as the console[m
2012-05-30 13:42:26 [INFO] [33;1m/stop: [37;1mStops the server[m
2012-05-30 13:42:26 [INFO] [33;1m/tell: [37;1mSends a private message to the given player[m
2012-05-30 13:42:26 [INFO] [33;1m/time: [37;1mChanges the time on each world[m
2012-05-30 13:42:26 [INFO] [33;1m/timings: [37;1mRecords timings for all plugin events[m
2012-05-30 13:42:26 [INFO] [33;1m/toggledownfall: [37;1mToggles rain on/off on a given world[m
2012-05-30 13:42:26 [INFO] [33;1m/tp: [37;1mTeleports the given player to another player[m
2012-05-30 13:42:26 [INFO] [33;1m/version: [37;1mGets the version of this server including any plugins in use[m
2012-05-30 13:42:26 [INFO] [33;1m/whitelist: [37;1mPrevents the specified player from using this server[m
2012-05-30 13:42:26 [INFO] [33;1m/xp: [37;1mGives the specified player a certain amount of experience[m
2012-05-30 13:48:01 [INFO] CONSOLE: Stopping the server..[m
2012-05-30 13:48:01 [INFO] Stopping server
2012-05-30 13:48:01 [INFO] Saving chunks
2012-05-30 13:48:03 [INFO] Stopping server
2012-05-30 13:48:03 [INFO] Saving chunks
